sum, 3, 3 = 6
sum, 3, 3 = 6
sum, 3, 3 = 6
2022-09-01T15:23:29.086800 - cassiano - div, 4, 2 = 2.0
2022-09-01T15:27:49.653949 - cassiano - div, 29, 3 = 9.666666666666666
2022-09-01T15:28:08.997997 - cassiano - sum, 2, 5 = 7
2022-09-01T15:29:06.587012 - cassiano - sum, 3, 3 = 6
2022-09-22T10:54:02.161992 - cassiano - sum, 5, 8 = 13
2022-09-22T11:03:22.304613 - cassiano - sum, 1, 2 = 3
2022-09-22T11:03:30.720602 - cassiano - div, 1, 0 = 3
2022-09-22T11:04:13.312613 - cassiano - div, 1, 0 = 3
2022-09-22T11:04:18.625097 - cassiano - sum, 1, 2 = 3
2022-09-22T11:04:24.992515 - cassiano - sum, 4, 5 = 9
2022-09-28T11:39:42.546418 - cassiano - sum, 10, 10 = 20
2022-09-28T11:39:54.033936 - cassiano - mul, 5, 2 = 10
2022-09-28T11:43:00.498410 - cassiano - sum, 10, 5 = 15
2022-09-28T11:43:12.913934 - cassiano - div, 15, 15 = 1.0
2022-09-28T11:43:24.145785 - cassiano - mul, 15, 15 = 225
2022-09-28T11:58:46.234264 - cassiano - sub, 8, 0 = 8
2022-09-28T11:59:11.107721 - cassiano - mul, 8, 9 = 72
2022-09-28T11:59:11.107721 - cassiano - sub, 7, 5 = 2
2022-09-28T11:59:11.107721 - cassiano - div, 8, 79 = 0.10126582278481013
